<?xml version="1.0" encoding="UTF-8"?>
<testng-results ignored="0" total="1" passed="1" failed="0" skipped="0">
  <reporter-output>
  </reporter-output>
  <suite started-at="2022-01-03T16:36:11 CST" name="Suite" finished-at="2022-01-03T16:36:29 CST" duration-ms="17531">
    <groups>
    </groups>
    <test started-at="2022-01-03T16:36:11 CST" name="Test" finished-at="2022-01-03T16:36:29 CST" duration-ms="17531">
      <class name="test.TestNGPageTest">
        <test-method is-config="true" signature="setUpTest()[pri:0, instance:test.TestNGPageTest@36328d33]" started-at="2022-01-03T16:36:11 CST" name="setUpTest" finished-at="2022-01-03T16:36:15 CST" duration-ms="3222" status="PASS">
          <reporter-output>
          </reporter-output>
        </test-method> <!-- setUpTest -->
        <test-method signature="googlesearch()[pri:1, instance:test.TestNGPageTest@36328d33]" started-at="2022-01-03T16:36:15 CST" name="googlesearch" finished-at="2022-01-03T16:36:29 CST" duration-ms="14119" status="PASS">
          <reporter-output>
          </reporter-output>
        </test-method> <!-- googlesearch -->
        <test-method is-config="true" signature="tearDownTest()[pri:0, instance:test.TestNGPageTest@36328d33]" started-at="2022-01-03T16:36:29 CST" name="tearDownTest" finished-at="2022-01-03T16:36:29 CST" duration-ms="1" status="PASS">
          <reporter-output>
          </reporter-output>
        </test-method> <!-- tearDownTest -->
      </class> <!-- test.TestNGPageTest -->
    </test> <!-- Test -->
  </suite> <!-- Suite -->
</testng-results>
